  main.cpp
  The contents of <filesystem> are available only with C++17 or later.
C:\src\amo\DIP\DIP\main.cpp(71,26): warning C4267: '=': conversion from 'size_t' to 'int', possible loss of data
C:\src\amo\DIP\DIP\main.cpp(65,3): error C4996: 'setbuf': This function or variable may be unsafe. Consider using setvbuf instead. To disable deprecation, use _CRT_SECURE_NO_WARNINGS. See online help for details.
C:\src\amo\DIP\DIP\main.cpp(69,3): error C4996: 'sprintf': This function or variable may be unsafe. Consider using sprintf_s instead. To disable deprecation, use _CRT_SECURE_NO_WARNINGS. See online help for details.
C:\src\amo\DIP\DIP\main.cpp(72,3): error C4996: 'vsprintf': This function or variable may be unsafe. Consider using vsprintf_s instead. To disable deprecation, use _CRT_SECURE_NO_WARNINGS. See online help for details.
C:\src\amo\DIP\DIP\main.cpp(93,26): warning C4267: '=': conversion from 'size_t' to 'int', possible loss of data
C:\src\amo\DIP\DIP\main.cpp(87,3): error C4996: 'setbuf': This function or variable may be unsafe. Consider using setvbuf instead. To disable deprecation, use _CRT_SECURE_NO_WARNINGS. See online help for details.
C:\src\amo\DIP\DIP\main.cpp(91,3): error C4996: 'sprintf': This function or variable may be unsafe. Consider using sprintf_s instead. To disable deprecation, use _CRT_SECURE_NO_WARNINGS. See online help for details.
C:\src\amo\DIP\DIP\main.cpp(94,3): error C4996: 'vsprintf': This function or variable may be unsafe. Consider using vsprintf_s instead. To disable deprecation, use _CRT_SECURE_NO_WARNINGS. See online help for details.
C:\src\amo\DIP\DIP\main.cpp(112,26): warning C4267: '=': conversion from 'size_t' to 'int', possible loss of data
C:\src\amo\DIP\DIP\main.cpp(106,3): error C4996: 'setbuf': This function or variable may be unsafe. Consider using setvbuf instead. To disable deprecation, use _CRT_SECURE_NO_WARNINGS. See online help for details.
C:\src\amo\DIP\DIP\main.cpp(110,3): error C4996: 'sprintf': This function or variable may be unsafe. Consider using sprintf_s instead. To disable deprecation, use _CRT_SECURE_NO_WARNINGS. See online help for details.
C:\src\amo\DIP\DIP\main.cpp(113,3): error C4996: 'vsprintf': This function or variable may be unsafe. Consider using vsprintf_s instead. To disable deprecation, use _CRT_SECURE_NO_WARNINGS. See online help for details.
C:\src\amo\DIP\DIP\main.cpp(134,26): warning C4267: '=': conversion from 'size_t' to 'int', possible loss of data
C:\src\amo\DIP\DIP\main.cpp(128,3): error C4996: 'setbuf': This function or variable may be unsafe. Consider using setvbuf instead. To disable deprecation, use _CRT_SECURE_NO_WARNINGS. See online help for details.
C:\src\amo\DIP\DIP\main.cpp(132,3): error C4996: 'sprintf': This function or variable may be unsafe. Consider using sprintf_s instead. To disable deprecation, use _CRT_SECURE_NO_WARNINGS. See online help for details.
C:\src\amo\DIP\DIP\main.cpp(135,3): error C4996: 'vsprintf': This function or variable may be unsafe. Consider using vsprintf_s instead. To disable deprecation, use _CRT_SECURE_NO_WARNINGS. See online help for details.
C:\src\amo\DIP\DIP\main.cpp(213,18): error C4996: 'strerror': This function or variable may be unsafe. Consider using strerror_s instead. To disable deprecation, use _CRT_SECURE_NO_WARNINGS. See online help for details.
C:\src\amo\DIP\DIP\main.cpp(229,18): error C4996: 'strerror': This function or variable may be unsafe. Consider using strerror_s instead. To disable deprecation, use _CRT_SECURE_NO_WARNINGS. See online help for details.
C:\src\amo\DIP\DIP\main.cpp(245,18): error C4996: 'strerror': This function or variable may be unsafe. Consider using strerror_s instead. To disable deprecation, use _CRT_SECURE_NO_WARNINGS. See online help for details.
C:\src\amo\DIP\DIP\main.cpp(261,18): error C4996: 'strerror': This function or variable may be unsafe. Consider using strerror_s instead. To disable deprecation, use _CRT_SECURE_NO_WARNINGS. See online help for details.
C:\src\amo\DIP\DIP\main.cpp(277,18): error C4996: 'strerror': This function or variable may be unsafe. Consider using strerror_s instead. To disable deprecation, use _CRT_SECURE_NO_WARNINGS. See online help for details.
C:\src\amo\DIP\DIP\main.cpp(293,18): error C4996: 'strerror': This function or variable may be unsafe. Consider using strerror_s instead. To disable deprecation, use _CRT_SECURE_NO_WARNINGS. See online help for details.
C:\src\amo\DIP\DIP\main.cpp(309,18): error C4996: 'strerror': This function or variable may be unsafe. Consider using strerror_s instead. To disable deprecation, use _CRT_SECURE_NO_WARNINGS. See online help for details.
C:\src\amo\DIP\DIP\main.cpp(325,18): error C4996: 'strerror': This function or variable may be unsafe. Consider using strerror_s instead. To disable deprecation, use _CRT_SECURE_NO_WARNINGS. See online help for details.
C:\src\amo\DIP\DIP\main.cpp(354,13): error C4996: 'localtime': This function or variable may be unsafe. Consider using localtime_s instead. To disable deprecation, use _CRT_SECURE_NO_WARNINGS. See online help for details.
C:\src\amo\DIP\DIP\main.cpp(355,26): error C4996: 'asctime': This function or variable may be unsafe. Consider using asctime_s instead. To disable deprecation, use _CRT_SECURE_NO_WARNINGS. See online help for details.
C:\src\amo\DIP\DIP\main.cpp(459,13): error C4996: 'localtime': This function or variable may be unsafe. Consider using localtime_s instead. To disable deprecation, use _CRT_SECURE_NO_WARNINGS. See online help for details.
C:\src\amo\DIP\DIP\main.cpp(460,37): error C4996: 'asctime': This function or variable may be unsafe. Consider using asctime_s instead. To disable deprecation, use _CRT_SECURE_NO_WARNINGS. See online help for details.
C:\src\amo\DIP\DIP\main.cpp(463,13): error C4996: 'localtime': This function or variable may be unsafe. Consider using localtime_s instead. To disable deprecation, use _CRT_SECURE_NO_WARNINGS. See online help for details.
C:\src\amo\DIP\DIP\main.cpp(464,37): error C4996: 'asctime': This function or variable may be unsafe. Consider using asctime_s instead. To disable deprecation, use _CRT_SECURE_NO_WARNINGS. See online help for details.
C:\src\amo\DIP\DIP\main.cpp(469,13): error C4996: 'localtime': This function or variable may be unsafe. Consider using localtime_s instead. To disable deprecation, use _CRT_SECURE_NO_WARNINGS. See online help for details.
C:\src\amo\DIP\DIP\main.cpp(470,41): error C4996: 'asctime': This function or variable may be unsafe. Consider using asctime_s instead. To disable deprecation, use _CRT_SECURE_NO_WARNINGS. See online help for details.
C:\src\amo\DIP\DIP\main.cpp(473,13): error C4996: 'localtime': This function or variable may be unsafe. Consider using localtime_s instead. To disable deprecation, use _CRT_SECURE_NO_WARNINGS. See online help for details.
C:\src\amo\DIP\DIP\main.cpp(474,41): error C4996: 'asctime': This function or variable may be unsafe. Consider using asctime_s instead. To disable deprecation, use _CRT_SECURE_NO_WARNINGS. See online help for details.
C:\src\amo\DIP\DIP\main.cpp(548,13): error C4996: 'localtime': This function or variable may be unsafe. Consider using localtime_s instead. To disable deprecation, use _CRT_SECURE_NO_WARNINGS. See online help for details.
C:\src\amo\DIP\DIP\main.cpp(549,24): error C4996: 'asctime': This function or variable may be unsafe. Consider using asctime_s instead. To disable deprecation, use _CRT_SECURE_NO_WARNINGS. See online help for details.
  pgm.cpp
  The contents of <filesystem> are available only with C++17 or later.
C:\src\amo\DIP\DIP\pgm.cpp(44,18): error C4996: 'strerror': This function or variable may be unsafe. Consider using strerror_s instead. To disable deprecation, use _CRT_SECURE_NO_WARNINGS. See online help for details.
C:\src\amo\DIP\DIP\pgm.cpp(62,18): error C4996: 'strerror': This function or variable may be unsafe. Consider using strerror_s instead. To disable deprecation, use _CRT_SECURE_NO_WARNINGS. See online help for details.
C:\src\amo\DIP\DIP\pgm.cpp(79,8): error C4996: 'sscanf': This function or variable may be unsafe. Consider using sscanf_s instead. To disable deprecation, use _CRT_SECURE_NO_WARNINGS. See online help for details.
C:\src\amo\DIP\DIP\pgm.cpp(91,9): error C4996: 'strtok': This function or variable may be unsafe. Consider using strtok_s instead. To disable deprecation, use _CRT_SECURE_NO_WARNINGS. See online help for details.
C:\src\amo\DIP\DIP\pgm.cpp(93,9): error C4996: 'strtok': This function or variable may be unsafe. Consider using strtok_s instead. To disable deprecation, use _CRT_SECURE_NO_WARNINGS. See online help for details.
C:\src\amo\DIP\DIP\pgm.cpp(99,9): error C4996: 'strtok': This function or variable may be unsafe. Consider using strtok_s instead. To disable deprecation, use _CRT_SECURE_NO_WARNINGS. See online help for details.
C:\src\amo\DIP\DIP\pgm.cpp(202,43): warning C4244: 'initializing': conversion from 'double' to 'size_t', possible loss of data
C:\src\amo\DIP\DIP\pgm.cpp(232,44): warning C4244: 'initializing': conversion from 'double' to 'size_t', possible loss of data
C:\src\amo\DIP\DIP\pgm.cpp(242,32): warning C4244: 'initializing': conversion from 'double' to 'size_t', possible loss of data
C:\src\amo\DIP\DIP\pgm.cpp(280,29): warning C4244: 'argument': conversion from 'double' to 'std::streamsize', possible loss of data
C:\src\amo\DIP\DIP\pgm.cpp(298,28): warning C4244: 'argument': conversion from 'double' to 'std::streamsize', possible loss of data
C:\src\amo\DIP\DIP\pgm.cpp(316,28): warning C4244: 'argument': conversion from 'double' to 'std::streamsize', possible loss of data
C:\src\amo\DIP\DIP\pgm.cpp(276,19): error C4996: 'strerror': This function or variable may be unsafe. Consider using strerror_s instead. To disable deprecation, use _CRT_SECURE_NO_WARNINGS. See online help for details.
C:\src\amo\DIP\DIP\pgm.cpp(293,19): error C4996: 'strerror': This function or variable may be unsafe. Consider using strerror_s instead. To disable deprecation, use _CRT_SECURE_NO_WARNINGS. See online help for details.
C:\src\amo\DIP\DIP\pgm.cpp(311,19): error C4996: 'strerror': This function or variable may be unsafe. Consider using strerror_s instead. To disable deprecation, use _CRT_SECURE_NO_WARNINGS. See online help for details.
C:\src\amo\DIP\DIP\pgm.cpp(385,43): warning C4244: 'initializing': conversion from 'double' to 'size_t', possible loss of data
C:\src\amo\DIP\DIP\pgm.cpp(417,32): warning C4244: 'initializing': conversion from 'double' to 'size_t', possible loss of data
C:\src\amo\DIP\DIP\pgm.cpp(472,29): warning C4244: 'argument': conversion from 'double' to 'std::streamsize', possible loss of data
C:\src\amo\DIP\DIP\pgm.cpp(490,28): warning C4244: 'argument': conversion from 'double' to 'std::streamsize', possible loss of data
C:\src\amo\DIP\DIP\pgm.cpp(451,19): error C4996: 'strerror': This function or variable may be unsafe. Consider using strerror_s instead. To disable deprecation, use _CRT_SECURE_NO_WARNINGS. See online help for details.
C:\src\amo\DIP\DIP\pgm.cpp(468,19): error C4996: 'strerror': This function or variable may be unsafe. Consider using strerror_s instead. To disable deprecation, use _CRT_SECURE_NO_WARNINGS. See online help for details.
C:\src\amo\DIP\DIP\pgm.cpp(485,19): error C4996: 'strerror': This function or variable may be unsafe. Consider using strerror_s instead. To disable deprecation, use _CRT_SECURE_NO_WARNINGS. See online help for details.
C:\src\amo\DIP\DIP\pgm.cpp(549,19): error C4996: 'strerror': This function or variable may be unsafe. Consider using strerror_s instead. To disable deprecation, use _CRT_SECURE_NO_WARNINGS. See online help for details.
  tiff.cpp
  The contents of <filesystem> are available only with C++17 or later.
C:\src\amo\DIP\DIP\tiff.cpp(115,17): warning C4018: '<': signed/unsigned mismatch
C:\src\amo\DIP\DIP\tiff.cpp(116,18): warning C4018: '<': signed/unsigned mismatch
C:\src\amo\DIP\DIP\tiff.cpp(45,18): error C4996: 'strerror': This function or variable may be unsafe. Consider using strerror_s instead. To disable deprecation, use _CRT_SECURE_NO_WARNINGS. See online help for details.
C:\src\amo\DIP\DIP\tiff.cpp(53,18): error C4996: 'strerror': This function or variable may be unsafe. Consider using strerror_s instead. To disable deprecation, use _CRT_SECURE_NO_WARNINGS. See online help for details.
C:\src\amo\DIP\DIP\tiff.cpp(227,17): warning C4018: '<': signed/unsigned mismatch
C:\src\amo\DIP\DIP\tiff.cpp(142,18): error C4996: 'strerror': This function or variable may be unsafe. Consider using strerror_s instead. To disable deprecation, use _CRT_SECURE_NO_WARNINGS. See online help for details.
C:\src\amo\DIP\DIP\tiff.cpp(150,18): error C4996: 'strerror': This function or variable may be unsafe. Consider using strerror_s instead. To disable deprecation, use _CRT_SECURE_NO_WARNINGS. See online help for details.
C:\src\amo\DIP\DIP\tiff.cpp(284,18): error C4996: 'strerror': This function or variable may be unsafe. Consider using strerror_s instead. To disable deprecation, use _CRT_SECURE_NO_WARNINGS. See online help for details.
C:\src\amo\DIP\DIP\tiff.cpp(317,18): error C4996: 'strerror': This function or variable may be unsafe. Consider using strerror_s instead. To disable deprecation, use _CRT_SECURE_NO_WARNINGS. See online help for details.
C:\src\amo\DIP\DIP\tiff.cpp(355,17): warning C4018: '<': signed/unsigned mismatch
C:\src\amo\DIP\DIP\tiff.cpp(356,18): warning C4018: '<': signed/unsigned mismatch
C:\src\amo\DIP\DIP\tiff.cpp(420,18): error C4996: 'strerror': This function or variable may be unsafe. Consider using strerror_s instead. To disable deprecation, use _CRT_SECURE_NO_WARNINGS. See online help for details.
C:\src\amo\DIP\DIP\tiff.cpp(436,18): error C4996: 'strerror': This function or variable may be unsafe. Consider using strerror_s instead. To disable deprecation, use _CRT_SECURE_NO_WARNINGS. See online help for details.
C:\src\amo\DIP\DIP\tiff.cpp(452,18): error C4996: 'strerror': This function or variable may be unsafe. Consider using strerror_s instead. To disable deprecation, use _CRT_SECURE_NO_WARNINGS. See online help for details.
C:\src\amo\DIP\DIP\tiff.cpp(468,18): error C4996: 'strerror': This function or variable may be unsafe. Consider using strerror_s instead. To disable deprecation, use _CRT_SECURE_NO_WARNINGS. See online help for details.
C:\src\amo\DIP\DIP\tiff.cpp(484,18): error C4996: 'strerror': This function or variable may be unsafe. Consider using strerror_s instead. To disable deprecation, use _CRT_SECURE_NO_WARNINGS. See online help for details.
C:\src\amo\DIP\DIP\tiff.cpp(500,18): error C4996: 'strerror': This function or variable may be unsafe. Consider using strerror_s instead. To disable deprecation, use _CRT_SECURE_NO_WARNINGS. See online help for details.
C:\src\amo\DIP\DIP\tiff.cpp(516,18): error C4996: 'strerror': This function or variable may be unsafe. Consider using strerror_s instead. To disable deprecation, use _CRT_SECURE_NO_WARNINGS. See online help for details.
C:\src\amo\DIP\DIP\tiff.cpp(532,18): error C4996: 'strerror': This function or variable may be unsafe. Consider using strerror_s instead. To disable deprecation, use _CRT_SECURE_NO_WARNINGS. See online help for details.
C:\src\amo\DIP\DIP\tiff.cpp(570,17): warning C4018: '<': signed/unsigned mismatch
C:\src\amo\DIP\DIP\tiff.cpp(571,18): warning C4018: '<': signed/unsigned mismatch
C:\src\amo\DIP\DIP\tiff.cpp(591,18): error C4996: 'strerror': This function or variable may be unsafe. Consider using strerror_s instead. To disable deprecation, use _CRT_SECURE_NO_WARNINGS. See online help for details.
C:\src\amo\DIP\DIP\tiff.cpp(634,17): warning C4018: '<': signed/unsigned mismatch
C:\src\amo\DIP\DIP\tiff.cpp(636,18): warning C4018: '<': signed/unsigned mismatch
C:\src\amo\DIP\DIP\tiff.cpp(637,26): warning C4018: '>=': signed/unsigned mismatch
C:\src\amo\DIP\DIP\tiff.cpp(643,17): warning C4018: '<': signed/unsigned mismatch
C:\src\amo\DIP\DIP\tiff.cpp(644,18): warning C4018: '<': signed/unsigned mismatch
C:\src\amo\DIP\DIP\tiff.cpp(645,24): warning C4018: '>=': signed/unsigned mismatch
C:\src\amo\DIP\DIP\tiff.cpp(662,18): error C4996: 'strerror': This function or variable may be unsafe. Consider using strerror_s instead. To disable deprecation, use _CRT_SECURE_NO_WARNINGS. See online help for details.
C:\src\amo\DIP\DIP\tiff.cpp(693,17): warning C4018: '<': signed/unsigned mismatch
C:\src\amo\DIP\DIP\tiff.cpp(694,18): warning C4018: '<': signed/unsigned mismatch
C:\src\amo\DIP\DIP\tiff.cpp(709,9): warning C4018: '>=': signed/unsigned mismatch
C:\src\amo\DIP\DIP\tiff.cpp(711,17): warning C4018: '>=': signed/unsigned mismatch
C:\src\amo\DIP\DIP\tiff.cpp(717,26): warning C4018: '<': signed/unsigned mismatch
C:\src\amo\DIP\DIP\tiff.cpp(719,24): warning C4018: '<': signed/unsigned mismatch
C:\src\amo\DIP\DIP\tiff.cpp(721,26): warning C4018: '<': signed/unsigned mismatch
C:\src\amo\DIP\DIP\tiff.cpp(727,26): warning C4018: '<': signed/unsigned mismatch
C:\src\amo\DIP\DIP\tiff.cpp(729,24): warning C4018: '<': signed/unsigned mismatch
C:\src\amo\DIP\DIP\tiff.cpp(731,26): warning C4018: '<': signed/unsigned mismatch
C:\src\amo\DIP\DIP\tiff.cpp(746,18): error C4996: 'strerror': This function or variable may be unsafe. Consider using strerror_s instead. To disable deprecation, use _CRT_SECURE_NO_WARNINGS. See online help for details.
C:\src\amo\DIP\DIP\tiff.cpp(773,37): warning C4018: '<': signed/unsigned mismatch
C:\src\amo\DIP\DIP\tiff.cpp(774,37): warning C4018: '<': signed/unsigned mismatch
C:\src\amo\DIP\DIP\tiff.cpp(814,43): warning C4244: 'initializing': conversion from 'double' to 'size_t', possible loss of data
C:\src\amo\DIP\DIP\tiff.cpp(844,44): warning C4244: 'initializing': conversion from 'double' to 'size_t', possible loss of data
C:\src\amo\DIP\DIP\tiff.cpp(854,32): warning C4244: 'initializing': conversion from 'double' to 'size_t', possible loss of data
C:\src\amo\DIP\DIP\tiff.cpp(886,29): warning C4244: 'argument': conversion from 'double' to 'std::streamsize', possible loss of data
C:\src\amo\DIP\DIP\tiff.cpp(898,28): warning C4244: 'argument': conversion from 'double' to 'std::streamsize', possible loss of data
C:\src\amo\DIP\DIP\tiff.cpp(910,28): warning C4244: 'argument': conversion from 'double' to 'std::streamsize', possible loss of data
C:\src\amo\DIP\DIP\tiff.cpp(882,19): error C4996: 'strerror': This function or variable may be unsafe. Consider using strerror_s instead. To disable deprecation, use _CRT_SECURE_NO_WARNINGS. See online help for details.
C:\src\amo\DIP\DIP\tiff.cpp(893,19): error C4996: 'strerror': This function or variable may be unsafe. Consider using strerror_s instead. To disable deprecation, use _CRT_SECURE_NO_WARNINGS. See online help for details.
C:\src\amo\DIP\DIP\tiff.cpp(905,19): error C4996: 'strerror': This function or variable may be unsafe. Consider using strerror_s instead. To disable deprecation, use _CRT_SECURE_NO_WARNINGS. See online help for details.
C:\src\amo\DIP\DIP\tiff.cpp(947,37): warning C4018: '<': signed/unsigned mismatch
C:\src\amo\DIP\DIP\tiff.cpp(948,37): warning C4018: '<': signed/unsigned mismatch
C:\src\amo\DIP\DIP\tiff.cpp(980,43): warning C4244: 'initializing': conversion from 'double' to 'size_t', possible loss of data
C:\src\amo\DIP\DIP\tiff.cpp(1022,32): warning C4244: 'initializing': conversion from 'double' to 'size_t', possible loss of data
C:\src\amo\DIP\DIP\tiff.cpp(1054,29): warning C4244: 'argument': conversion from 'double' to 'std::streamsize', possible loss of data
C:\src\amo\DIP\DIP\tiff.cpp(1066,28): warning C4244: 'argument': conversion from 'double' to 'std::streamsize', possible loss of data
C:\src\amo\DIP\DIP\tiff.cpp(1050,19): error C4996: 'strerror': This function or variable may be unsafe. Consider using strerror_s instead. To disable deprecation, use _CRT_SECURE_NO_WARNINGS. See online help for details.
C:\src\amo\DIP\DIP\tiff.cpp(1061,19): error C4996: 'strerror': This function or variable may be unsafe. Consider using strerror_s instead. To disable deprecation, use _CRT_SECURE_NO_WARNINGS. See online help for details.
C:\src\amo\DIP\DIP\tiff.cpp(1101,37): warning C4018: '<': signed/unsigned mismatch
C:\src\amo\DIP\DIP\tiff.cpp(1102,37): warning C4018: '<': signed/unsigned mismatch
C:\src\amo\DIP\DIP\tiff.cpp(1134,43): warning C4244: 'initializing': conversion from 'double' to 'size_t', possible loss of data
C:\src\amo\DIP\DIP\tiff.cpp(1166,32): warning C4244: 'initializing': conversion from 'double' to 'size_t', possible loss of data
C:\src\amo\DIP\DIP\tiff.cpp(1198,29): warning C4244: 'argument': conversion from 'double' to 'std::streamsize', possible loss of data
C:\src\amo\DIP\DIP\tiff.cpp(1210,28): warning C4244: 'argument': conversion from 'double' to 'std::streamsize', possible loss of data
C:\src\amo\DIP\DIP\tiff.cpp(1194,19): error C4996: 'strerror': This function or variable may be unsafe. Consider using strerror_s instead. To disable deprecation, use _CRT_SECURE_NO_WARNINGS. See online help for details.
C:\src\amo\DIP\DIP\tiff.cpp(1205,19): error C4996: 'strerror': This function or variable may be unsafe. Consider using strerror_s instead. To disable deprecation, use _CRT_SECURE_NO_WARNINGS. See online help for details.
  Generating Code...
